"Start of log file."
"C:/Users/Manoj/DOCUME~1/CARTUT~1/Assets/BIKENB~1.MAX"
"Starting max loading and fbx conversion"
window = undefined
Max to Physcs Geometry Scale = 1.0
"Settings units"
"Before fbx export"
"After fbx export"
"Finished max loading and fbx conversion"
"C:/Users/Manoj/DOCUME~1/CARTUT~1/Assets/BIKENB~1.MAX"
"Starting max loading and fbx conversion"
window = undefined
Max to Physcs Geometry Scale = 1.0
"Settings units"
"Before fbx export"
"After fbx export"
"Finished max loading and fbx conversion"
"C:/Users/Manoj/DOCUME~1/CARTUT~1/Assets/BIKENB~1.MAX"
"Starting max loading and fbx conversion"
window = undefined
Max to Physcs Geometry Scale = 1.0
"Settings units"
"Before fbx export"
"After fbx export"
"Finished max loading and fbx conversion"
"C:/Users/Manoj/DOCUME~1/CARTUT~1/Assets/BIKENB~1.MAX"
"Starting max loading and fbx conversion"
window = undefined
Max to Physcs Geometry Scale = 1.0
"Settings units"
"Before fbx export"
"After fbx export"
"Finished max loading and fbx conversion"
"C:/Users/Manoj/DOCUME~1/CARTUT~1/Assets/BIKENB~1.MAX"
"Starting max loading and fbx conversion"
window = undefined
Max to Physcs Geometry Scale = 1.0
"Settings units"
"Before fbx export"
"After fbx export"
"Finished max loading and fbx conversion"
"C:/Users/Manoj/DOCUME~1/CARTUT~1/Assets/BIKENB~1.MAX"
"Starting max loading and fbx conversion"
window = undefined
Max to Physcs Geometry Scale = 1.0
"Settings units"
"Before fbx export"
"After fbx export"
"Finished max loading and fbx conversion"
"C:/Users/Manoj/DOCUME~1/CARTUT~1/Assets/BIKENB~1.MAX"
"Starting max loading and fbx conversion"
window = undefined
Max to Physcs Geometry Scale = 1.0
"Settings units"
"Before fbx export"
"After fbx export"
"Finished max loading and fbx conversion"
"C:/Users/Manoj/DOCUME~1/CARTUT~1/Assets/BIKENB~1.MAX"
"Starting max loading and fbx conversion"
window = undefined
Max to Physcs Geometry Scale = 1.0
"Settings units"
"Before fbx export"
"After fbx export"
"Finished max loading and fbx conversion"
"C:/Users/Manoj/DOCUME~1/CARTUT~1/Assets/BIKENB~1.MAX"
"Starting max loading and fbx conversion"
window = undefined
Max to Physcs Geometry Scale = 1.0
"Settings units"
"Before fbx export"
"After fbx export"
"Finished max loading and fbx conversion"
"C:/Users/Manoj/DOCUME~1/CARTUT~1/Assets/BIKENB~1.MAX"
"Starting max loading and fbx conversion"
window = undefined
Max to Physcs Geometry Scale = 1.0
"Settings units"
"Before fbx export"
